<html xmlns:string="xalan://java.lang.String" xmlns:lxslt="http://xml.apache.org/xslt">
<head>
<META http-equiv="Content-Type" content="text/html; charset=UTF-8">
<title>Unit Test Results: junitpack.junit_oauth_create_account_run</title>
<link rel="stylesheet" type="text/css" title="Style" href="../stylesheet.css">
<script type="text/javascript" language="JavaScript">
        var TestCases = new Array();
        var cur;
        
    cur = TestCases['junitpack.junit_oauth_create_account_run'] = new Array();
    
        cur['ant.core.lib'] = 'C:\\Program Files (x86)\\Jenkins\\tools\\hudson.tasks.Ant_AntInstallation\\Ant\\lib\\ant.jar';
    
        cur['ant.file'] = 'C:\\Program Files (x86)\\Jenkins\\workspace\\testtimes2\\build.xml';
    
        cur['ant.file.kalay_vsaas_3.0'] = 'C:\\Program Files (x86)\\Jenkins\\workspace\\testtimes2\\build.xml';
    
        cur['ant.file.type'] = 'file';
    
        cur['ant.file.type.kalay_vsaas_3.0'] = 'file';
    
        cur['ant.home'] = 'C:\\Program Files (x86)\\Jenkins\\tools\\hudson.tasks.Ant_AntInstallation\\Ant';
    
        cur['ant.java.version'] = '1.8';
    
        cur['ant.library.dir'] = 'C:\\Program Files (x86)\\Jenkins\\tools\\hudson.tasks.Ant_AntInstallation\\Ant\\lib';
    
        cur['ant.project.default-target'] = 'build';
    
        cur['ant.project.invoked-targets'] = 'build,junit_oauth_create_account_run,junitreport';
    
        cur['ant.project.name'] = 'kalay_vsaas_3.0';
    
        cur['ant.version'] = 'Apache Ant(TM) version 1.10.1 compiled on February 2 2017';
    
        cur['awt.toolkit'] = 'sun.awt.windows.WToolkit';
    
        cur['basedir'] = 'C:\\Program Files (x86)\\Jenkins\\workspace\\testtimes2';
    
        cur['debuglevel'] = 'source,lines,vars';
    
        cur['ECLIPSE_HOME'] = '../../Desktop/eclipse-jee-mars-2-win32-x86_64/eclipse/';
    
        cur['env._JAVACMD'] = 'C:\\Program Files (x86)\\Jenkins\\tools\\hudson.model.JDK\\JDK\\bin\\java.exe';
    
        cur['env._USE_CLASSPATH'] = 'no';
    
        cur['env.=C:'] = 'C:\\Program Files (x86)\\Jenkins\\workspace\\testtimes2';
    
        cur['env.ALLUSERSPROFILE'] = 'C:\\ProgramData';
    
        cur['env.ANT_CMD_LINE_ARGS'] = ' build junit_oauth_create_account_run junitreport';
    
        cur['env.ANT_HOME'] = 'C:\\Program Files (x86)\\Jenkins\\tools\\hudson.tasks.Ant_AntInstallation\\Ant';
    
        cur['env.APPDATA'] = 'C:\\WINDOWS\\system32\\config\\systemprofile\\AppData\\Roaming';
    
        cur['env.asl.log'] = 'Destination=file';
    
        cur['env.BASE'] = 'C:\\Program Files (x86)\\Jenkins';
    
        cur['env.BUILD_DISPLAY_NAME'] = '#36';
    
        cur['env.BUILD_ID'] = '36';
    
        cur['env.BUILD_NUMBER'] = '36';
    
        cur['env.BUILD_TAG'] = 'jenkins-testtimes2-36';
    
        cur['env.BUILD_URL'] = 'http://localhost:8080/job/testtimes2/36/';
    
        cur['env.CommonProgramFiles'] = 'C:\\Program Files (x86)\\Common Files';
    
        cur['env.CommonProgramFiles(x86)'] = 'C:\\Program Files (x86)\\Common Files';
    
        cur['env.CommonProgramW6432'] = 'C:\\Program Files\\Common Files';
    
        cur['env.COMPUTERNAME'] = 'TPE-ALEX-YANG';
    
        cur['env.ComSpec'] = 'C:\\WINDOWS\\system32\\cmd.exe';
    
        cur['env.EXECUTOR_NUMBER'] = '0';
    
        cur['env.FP_NO_HOST_CHECK'] = 'NO';
    
        cur['env.HUDSON_COOKIE'] = '39af404d-00a9-4799-afa8-4f9d534ab2b3';
    
        cur['env.HUDSON_HOME'] = 'C:\\Program Files (x86)\\Jenkins';
    
        cur['env.HUDSON_SERVER_COOKIE'] = 'f0626e2136f2636c';
    
        cur['env.HUDSON_URL'] = 'http://localhost:8080/';
    
        cur['env.JAVA_HOME'] = 'C:\\Program Files (x86)\\Jenkins\\tools\\hudson.model.JDK\\JDK';
    
        cur['env.JENKINS_HOME'] = 'C:\\Program Files (x86)\\Jenkins';
    
        cur['env.JENKINS_SERVER_COOKIE'] = 'f0626e2136f2636c';
    
        cur['env.JENKINS_URL'] = 'http://localhost:8080/';
    
        cur['env.JOB_BASE_NAME'] = 'testtimes2';
    
        cur['env.JOB_DISPLAY_URL'] = 'http://localhost:8080/job/testtimes2/display/redirect';
    
        cur['env.JOB_NAME'] = 'testtimes2';
    
        cur['env.JOB_URL'] = 'http://localhost:8080/job/testtimes2/';
    
        cur['env.LOCALAPPDATA'] = 'C:\\WINDOWS\\system32\\config\\systemprofile\\AppData\\Local';
    
        cur['env.NODE_LABELS'] = 'master';
    
        cur['env.NODE_NAME'] = 'master';
    
        cur['env.NUMBER_OF_PROCESSORS'] = '4';
    
        cur['env.OS'] = 'Windows_NT';
    
        cur['env.Path'] = 'C:\\Program Files (x86)\\Jenkins\\tools\\hudson.model.JDK\\JDK/bin;C:\\Program Files (x86)\\Jenkins\\tools\\hudson.tasks.Ant_AntInstallation\\Ant/bin;C:\\Program Files (x86)\\Jenkins\\tools\\hudson.model.JDK\\JDK/bin;C:\\ProgramData\\Oracle\\Java\\javapath;C:\\Program Files (x86)\\Intel\\iCLS Client\\;C:\\Program Files\\Intel\\iCLS Client\\;C:\\Program Files (x86)\\NVIDIA Corporation\\PhysX\\Common;C:\\WINDOWS\\system32;C:\\WINDOWS;C:\\WINDOWS\\System32\\Wbem;C:\\WINDOWS\\System32\\WindowsPowerShell\\v1.0\\;C:\\Program Files (x86)\\Intel\\OpenCL SDK\\2.0\\bin\\x86;C:\\Program Files (x86)\\Intel\\OpenCL SDK\\2.0\\bin\\x64;C:\\Program Files\\Intel\\Intel(R) Management Engine Components\\DAL;C:\\Program Files\\Intel\\Intel(R) Management Engine Components\\IPT;C:\\Program Files (x86)\\Intel\\Intel(R) Management Engine Components\\DAL;C:\\Program Files (x86)\\Intel\\Intel(R) Management Engine Components\\IPT;C:\\Program Files\\nodejs\\;C:\\apache-ant-1.10.1-bin\\apache-ant-1.10.1\\bin;C:\\Program Files\\Git\\cmd;C:\\Program Files (x86)\\Skype\\Phone\\;';
    
        cur['env.PATHEXT'] = '.COM;.EXE;.BAT;.CMD;.VBS;.VBE;.JS;.JSE;.WSF;.WSH;.MSC';
    
        cur['env.PROCESSOR_ARCHITECTURE'] = 'x86';
    
        cur['env.PROCESSOR_ARCHITEW6432'] = 'AMD64';
    
        cur['env.PROCESSOR_IDENTIFIER'] = 'Intel64 Family 6 Model 58 Stepping 9, GenuineIntel';
    
        cur['env.PROCESSOR_LEVEL'] = '6';
    
        cur['env.PROCESSOR_REVISION'] = '3a09';
    
        cur['env.ProgramData'] = 'C:\\ProgramData';
    
        cur['env.ProgramFiles'] = 'C:\\Program Files (x86)';
    
        cur['env.ProgramFiles(x86)'] = 'C:\\Program Files (x86)';
    
        cur['env.ProgramW6432'] = 'C:\\Program Files';
    
        cur['env.PROMPT'] = '$P$G';
    
        cur['env.PSModulePath'] = 'C:\\WINDOWS\\system32\\WindowsPowerShell\\v1.0\\Modules\\';
    
        cur['env.PUBLIC'] = 'C:\\Users\\Public';
    
        cur['env.RUN_CHANGES_DISPLAY_URL'] = 'http://localhost:8080/job/testtimes2/36/display/redirect?page=changes';
    
        cur['env.RUN_DISPLAY_URL'] = 'http://localhost:8080/job/testtimes2/36/display/redirect';
    
        cur['env.SERVICE_ID'] = 'Jenkins';
    
        cur['env.SystemDrive'] = 'C:';
    
        cur['env.SystemRoot'] = 'C:\\WINDOWS';
    
        cur['env.TEMP'] = 'C:\\WINDOWS\\TEMP';
    
        cur['env.TMP'] = 'C:\\WINDOWS\\TEMP';
    
        cur['env.USERDOMAIN'] = 'TUTK';
    
        cur['env.USERNAME'] = 'TPE-ALEX-YANG$';
    
        cur['env.USERPROFILE'] = 'C:\\WINDOWS\\system32\\config\\systemprofile';
    
        cur['env.windir'] = 'C:\\WINDOWS';
    
        cur['env.WINSW_EXECUTABLE'] = 'C:\\Program Files (x86)\\Jenkins\\jenkins.exe';
    
        cur['env.WINSW_SERVICE_ID'] = 'Jenkins';
    
        cur['env.WORKSPACE'] = 'C:\\Program Files (x86)\\Jenkins\\workspace\\testtimes2';
    
        cur['file.encoding'] = 'MS950';
    
        cur['file.encoding.pkg'] = 'sun.io';
    
        cur['file.separator'] = '\\';
    
        cur['java.awt.graphicsenv'] = 'sun.awt.Win32GraphicsEnvironment';
    
        cur['java.awt.printerjob'] = 'sun.awt.windows.WPrinterJob';
    
        cur['java.class.path'] = 'C:\\Program Files (x86)\\Jenkins\\workspace\\testtimes2\\bin;C:\\Program Files (x86)\\Jenkins\\workspace\\testtimes2\\lib\\cglib-nodep-3.2.4.jar;C:\\Program Files (x86)\\Jenkins\\workspace\\testtimes2\\lib\\client-combined-3.0.1-nodeps.jar;C:\\Program Files (x86)\\Jenkins\\workspace\\testtimes2\\lib\\commons-codec-1.10.jar;C:\\Program Files (x86)\\Jenkins\\workspace\\testtimes2\\lib\\commons-exec-1.3.jar;C:\\Program Files (x86)\\Jenkins\\workspace\\testtimes2\\lib\\commons-io-2.5.jar;C:\\Program Files (x86)\\Jenkins\\workspace\\testtimes2\\lib\\commons-lang3-3.4.jar;C:\\Program Files (x86)\\Jenkins\\workspace\\testtimes2\\lib\\commons-logging-1.2.jar;C:\\Program Files (x86)\\Jenkins\\workspace\\testtimes2\\lib\\cssparser-0.9.20.jar;C:\\Program Files (x86)\\Jenkins\\workspace\\testtimes2\\lib\\gson-2.3.1.jar;C:\\Program Files (x86)\\Jenkins\\workspace\\testtimes2\\lib\\guava-19.0.jar;C:\\Program Files (x86)\\Jenkins\\workspace\\testtimes2\\lib\\hamcrest-core-1.3.jar;C:\\Program Files (x86)\\Jenkins\\workspace\\testtimes2\\lib\\hamcrest-library-1.3.jar;C:\\Program Files (x86)\\Jenkins\\workspace\\testtimes2\\lib\\htmlunit-2.23.jar;C:\\Program Files (x86)\\Jenkins\\workspace\\testtimes2\\lib\\htmlunit-core-js-2.23.jar;C:\\Program Files (x86)\\Jenkins\\workspace\\testtimes2\\lib\\httpclient-4.5.2.jar;C:\\Program Files (x86)\\Jenkins\\workspace\\testtimes2\\lib\\httpcore-4.4.4.jar;C:\\Program Files (x86)\\Jenkins\\workspace\\testtimes2\\lib\\httpmime-4.5.2.jar;C:\\Program Files (x86)\\Jenkins\\workspace\\testtimes2\\lib\\javax.servlet-api-3.1.0.jar;C:\\Program Files (x86)\\Jenkins\\workspace\\testtimes2\\lib\\jetty-io-9.2.13.v20150730.jar;C:\\Program Files (x86)\\Jenkins\\workspace\\testtimes2\\lib\\jetty-util-9.2.13.v20150730.jar;C:\\Program Files (x86)\\Jenkins\\workspace\\testtimes2\\lib\\jna-4.1.0.jar;C:\\Program Files (x86)\\Jenkins\\workspace\\testtimes2\\lib\\jna-platform-4.1.0.jar;C:\\Program Files (x86)\\Jenkins\\workspace\\testtimes2\\lib\\junit-4.12.jar;C:\\Program Files (x86)\\Jenkins\\workspace\\testtimes2\\lib\\neko-htmlunit-2.23.jar;C:\\Program Files (x86)\\Jenkins\\workspace\\testtimes2\\lib\\netty-3.5.7.Final.jar;C:\\Program Files (x86)\\Jenkins\\workspace\\testtimes2\\lib\\phantomjsdriver-1.3.0.jar;C:\\Program Files (x86)\\Jenkins\\workspace\\testtimes2\\lib\\sac-1.3.jar;C:\\Program Files (x86)\\Jenkins\\workspace\\testtimes2\\lib\\selenium-html-runner-3.0.1.jar;C:\\Program Files (x86)\\Jenkins\\workspace\\testtimes2\\lib\\selenium-java-2.53.0.jar;C:\\Program Files (x86)\\Jenkins\\workspace\\testtimes2\\lib\\selenium-java-2.53.0-srcs.jar;C:\\Program Files (x86)\\Jenkins\\workspace\\testtimes2\\lib\\selenium-server-standalone-3.0.1.jar;C:\\Program Files (x86)\\Jenkins\\workspace\\testtimes2\\lib\\selenium-server-standalone-3.3.1.jar;C:\\Program Files (x86)\\Jenkins\\workspace\\testtimes2\\lib\\serializer-2.7.2.jar;C:\\Program Files (x86)\\Jenkins\\workspace\\testtimes2\\lib\\websocket-api-9.2.15.v20160210.jar;C:\\Program Files (x86)\\Jenkins\\workspace\\testtimes2\\lib\\websocket-client-9.2.15.v20160210.jar;C:\\Program Files (x86)\\Jenkins\\workspace\\testtimes2\\lib\\websocket-common-9.2.15.v20160210.jar;C:\\Program Files (x86)\\Jenkins\\workspace\\testtimes2\\lib\\xalan-2.7.2.jar;C:\\Program Files (x86)\\Jenkins\\workspace\\testtimes2\\lib\\xercesImpl-2.11.0.jar;C:\\Program Files (x86)\\Jenkins\\workspace\\testtimes2\\lib\\xml-apis-1.4.01.jar;C:\\Program Files (x86)\\Jenkins\\tools\\hudson.tasks.Ant_AntInstallation\\Ant\\lib\\ant-launcher.jar;C:\\Program Files (x86)\\Jenkins\\tools\\hudson.tasks.Ant_AntInstallation\\Ant\\lib\\ant.jar;C:\\Program Files (x86)\\Jenkins\\tools\\hudson.tasks.Ant_AntInstallation\\Ant\\lib\\ant-junit.jar;C:\\Program Files (x86)\\Jenkins\\tools\\hudson.tasks.Ant_AntInstallation\\Ant\\lib\\ant-junit4.jar';
    
        cur['java.class.version'] = '52.0';
    
        cur['java.endorsed.dirs'] = 'C:\\Program Files (x86)\\Jenkins\\tools\\hudson.model.JDK\\JDK\\jre\\lib\\endorsed';
    
        cur['java.ext.dirs'] = 'C:\\Program Files (x86)\\Jenkins\\tools\\hudson.model.JDK\\JDK\\jre\\lib\\ext;C:\\WINDOWS\\Sun\\Java\\lib\\ext';
    
        cur['java.home'] = 'C:\\Program Files (x86)\\Jenkins\\tools\\hudson.model.JDK\\JDK\\jre';
    
        cur['java.io.tmpdir'] = 'C:\\WINDOWS\\TEMP\\';
    
        cur['java.library.path'] = 'C:\\Program Files (x86)\\Jenkins\\tools\\hudson.model.JDK\\JDK\\jre\\bin;C:\\WINDOWS\\Sun\\Java\\bin;C:\\WINDOWS\\system32;C:\\WINDOWS;C:\\Program Files (x86)\\Jenkins\\tools\\hudson.model.JDK\\JDK/bin;C:\\Program Files (x86)\\Jenkins\\tools\\hudson.tasks.Ant_AntInstallation\\Ant/bin;C:\\Program Files (x86)\\Jenkins\\tools\\hudson.model.JDK\\JDK/bin;C:\\ProgramData\\Oracle\\Java\\javapath;C:\\Program Files (x86)\\Intel\\iCLS Client\\;C:\\Program Files\\Intel\\iCLS Client\\;C:\\Program Files (x86)\\NVIDIA Corporation\\PhysX\\Common;C:\\WINDOWS\\system32;C:\\WINDOWS;C:\\WINDOWS\\System32\\Wbem;C:\\WINDOWS\\System32\\WindowsPowerShell\\v1.0\\;C:\\Program Files (x86)\\Intel\\OpenCL SDK\\2.0\\bin\\x86;C:\\Program Files (x86)\\Intel\\OpenCL SDK\\2.0\\bin\\x64;C:\\Program Files\\Intel\\Intel(R) Management Engine Components\\DAL;C:\\Program Files\\Intel\\Intel(R) Management Engine Components\\IPT;C:\\Program Files (x86)\\Intel\\Intel(R) Management Engine Components\\DAL;C:\\Program Files (x86)\\Intel\\Intel(R) Management Engine Components\\IPT;C:\\Program Files\\nodejs\\;C:\\apache-ant-1.10.1-bin\\apache-ant-1.10.1\\bin;C:\\Program Files\\Git\\cmd;C:\\Program Files (x86)\\Skype\\Phone\\;;.';
    
        cur['java.runtime.name'] = 'Java(TM) SE Runtime Environment';
    
        cur['java.runtime.version'] = '1.8.0_121-b13';
    
        cur['java.specification.name'] = 'Java Platform API Specification';
    
        cur['java.specification.vendor'] = 'Oracle Corporation';
    
        cur['java.specification.version'] = '1.8';
    
        cur['java.vendor'] = 'Oracle Corporation';
    
        cur['java.vendor.url'] = 'http://java.oracle.com/';
    
        cur['java.vendor.url.bug'] = 'http://bugreport.sun.com/bugreport/';
    
        cur['java.version'] = '1.8.0_121';
    
        cur['java.vm.info'] = 'mixed mode, sharing';
    
        cur['java.vm.name'] = 'Java HotSpot(TM) Client VM';
    
        cur['java.vm.specification.name'] = 'Java Virtual Machine Specification';
    
        cur['java.vm.specification.vendor'] = 'Oracle Corporation';
    
        cur['java.vm.specification.version'] = '1.8';
    
        cur['java.vm.vendor'] = 'Oracle Corporation';
    
        cur['java.vm.version'] = '25.121-b13';
    
        cur['junit.output.dir'] = 'junit';
    
        cur['line.separator'] = '\r\n';
    
        cur['os.arch'] = 'x86';
    
        cur['os.name'] = 'Windows 8.1';
    
        cur['os.version'] = '6.3';
    
        cur['path.separator'] = ';';
    
        cur['source'] = '1.8';
    
        cur['sun.arch.data.model'] = '32';
    
        cur['sun.boot.class.path'] = 'C:\\Program Files (x86)\\Jenkins\\tools\\hudson.model.JDK\\JDK\\jre\\lib\\resources.jar;C:\\Program Files (x86)\\Jenkins\\tools\\hudson.model.JDK\\JDK\\jre\\lib\\rt.jar;C:\\Program Files (x86)\\Jenkins\\tools\\hudson.model.JDK\\JDK\\jre\\lib\\sunrsasign.jar;C:\\Program Files (x86)\\Jenkins\\tools\\hudson.model.JDK\\JDK\\jre\\lib\\jsse.jar;C:\\Program Files (x86)\\Jenkins\\tools\\hudson.model.JDK\\JDK\\jre\\lib\\jce.jar;C:\\Program Files (x86)\\Jenkins\\tools\\hudson.model.JDK\\JDK\\jre\\lib\\charsets.jar;C:\\Program Files (x86)\\Jenkins\\tools\\hudson.model.JDK\\JDK\\jre\\lib\\jfr.jar;C:\\Program Files (x86)\\Jenkins\\tools\\hudson.model.JDK\\JDK\\jre\\classes';
    
        cur['sun.boot.library.path'] = 'C:\\Program Files (x86)\\Jenkins\\tools\\hudson.model.JDK\\JDK\\jre\\bin';
    
        cur['sun.cpu.endian'] = 'little';
    
        cur['sun.cpu.isalist'] = 'pentium_pro+mmx pentium_pro pentium+mmx pentium i486 i386 i86';
    
        cur['sun.desktop'] = 'windows';
    
        cur['sun.io.unicode.encoding'] = 'UnicodeLittle';
    
        cur['sun.java.command'] = 'org.apache.tools.ant.taskdefs.optional.junit.JUnitTestRunner junitpack.junit_oauth_create_account_run skipNonTests=false filtertrace=true haltOnError=false haltOnFailure=false formatter=org.apache.tools.ant.taskdefs.optional.junit.OutErrSummaryJUnitResultFormatter showoutput=false outputtoformatters=true logfailedtests=true threadid=0 logtestlistenerevents=false formatter=org.apache.tools.ant.taskdefs.optional.junit.XMLJUnitResultFormatter,C:\\Program Files (x86)\\Jenkins\\workspace\\testtimes2\\junit\\TEST-junitpack.junit_oauth_create_account_run.xml crashfile=C:\\Program Files (x86)\\Jenkins\\workspace\\testtimes2\\junitvmwatcher20522506852228923.properties propsfile=C:\\Program Files (x86)\\Jenkins\\workspace\\testtimes2\\junit7821302397226266834.properties';
    
        cur['sun.java.launcher'] = 'SUN_STANDARD';
    
        cur['sun.jnu.encoding'] = 'MS950';
    
        cur['sun.management.compiler'] = 'HotSpot Client Compiler';
    
        cur['sun.os.patch.level'] = '';
    
        cur['target'] = '1.8';
    
        cur['user.country'] = 'TW';
    
        cur['user.dir'] = 'C:\\Program Files (x86)\\Jenkins\\workspace\\testtimes2';
    
        cur['user.home'] = 'C:\\WINDOWS\\system32\\config\\systemprofile';
    
        cur['user.language'] = 'zh';
    
        cur['user.name'] = 'TPE-ALEX-YANG$';
    
        cur['user.script'] = '';
    
        cur['user.timezone'] = '';
    
        cur['user.variant'] = '';
    </script><script type="text/javascript" language="JavaScript">
        function displayProperties (name) {
          var win = window.open('','JUnitSystemProperties','scrollbars=1,resizable=1');
          var doc = win.document;
          doc.open();
          doc.write("<html><head><title>Properties of " + name + "</title>");
          doc.write("<style type=\"text/css\">");
          doc.write("body {font:normal 68% verdana,arial,helvetica; color:#000000; }");
          doc.write("table tr td, table tr th { font-size: 68%; }");
          doc.write("table.properties { border-collapse:collapse; border-left:solid 1 #cccccc; border-top:solid 1 #cccccc; padding:5px; }");
          doc.write("table.properties th { text-align:left; border-right:solid 1 #cccccc; border-bottom:solid 1 #cccccc; background-color:#eeeeee; }");
          doc.write("table.properties td { font:normal; text-align:left; border-right:solid 1 #cccccc; border-bottom:solid 1 #cccccc; background-color:#fffffff; }");
          doc.write("h3 { margin-bottom: 0.5em; font: bold 115% verdana,arial,helvetica }");
          doc.write("</style>");
          doc.write("</head><body>");
          doc.write("<h3>Properties of " + name + "</h3>");
          doc.write("<div align=\"right\"><a href=\"javascript:window.close();\">Close</a></div>");
          doc.write("<table class='properties'>");
          doc.write("<tr><th>Name</th><th>Value</th></tr>");
          for (prop in TestCases[name]) {
            doc.write("<tr><th>" + prop + "</th><td>" + TestCases[name][prop] + "</td></tr>");
          }
          doc.write("</table>");
          doc.write("</body></html>");
          doc.close();
          win.focus();
        }
      
      </script>
</head>
<body>
<h1>Unit Test Results.</h1>
<table width="100%">
<tr>
<td align="left"></td><td align="right">Designed for use with <a href="http://www.junit.org/">JUnit</a> and <a href="http://ant.apache.org/">Ant</a>.</td>
</tr>
</table>
<hr size="1">
<h3>Class junitpack.junit_oauth_create_account_run</h3>
<table class="details" border="0" cellpadding="5" cellspacing="2" width="95%">
<tr valign="top">
<th width="80%">Name</th><th>Tests</th><th>Errors</th><th>Failures</th><th>Skipped</th><th nowrap>Time(s)</th><th nowrap>Time Stamp</th><th>Host</th>
</tr>
<tr valign="top" class="Error">
<td><a title="Display all tests" href="1_junit_oauth_create_account_run.html">junit_oauth_create_account_run</a></td><td><a title="Display all tests" href="1_junit_oauth_create_account_run.html">1</a></td><td><a title="Display only errors" href="1_junit_oauth_create_account_run-errors.html">1</a></td><td>0</td><td>0</td><td>0.170</td><td>2018-03-20T09:56:39</td><td>TPE-Alex-Yang</td>
</tr>
</table>
<h2>Errors</h2>
<table class="details" border="0" cellpadding="5" cellspacing="2" width="95%">
<tr valign="top">
<th>Name</th><th>Status</th><th width="80%">Type</th><th nowrap>Time(s)</th>
</tr>
<tr valign="top" class="Error">
<td><a name="initializationError"></a>initializationError</td><td>Error</td><td>Expected condition failed: waiting for visibility of element located by By.xpath: //*[@id='signup-form']/div[1]/ul/li (tried for 10 second(s) with 500 MILLISECONDS interval)
Build info: version: 'unknown', revision: '1969d75', time: '2016-10-18 09:43:45 -0700'
System info: host: 'TPE-Alex-Yang', ip: '192.168.40.1', os.name: 'Windows 8.1', os.arch: 'x86', os.version: '6.3', java.version: '1.8.0_121'
Driver info: org.openqa.selenium.chrome.ChromeDriver
Capabilities [{applicationCacheEnabled=false, rotatable=false, mobileEmulationEnabled=false, networkConnectionEnabled=false, chrome={chromedriverVersion=2.35.528161 (5b82f2d2aae0ca24b877009200ced9065a772e73), userDataDir=C:\WINDOWS\TEMP\scoped_dir7308_2793}, takesHeapSnapshot=true, pageLoadStrategy=normal, databaseEnabled=false, handlesAlerts=true, hasTouchScreen=false, version=65.0.3325.162, platform=WIN8_1, browserConnectionEnabled=false, nativeEvents=true, acceptSslCerts=false, acceptInsecureCerts=false, locationContextEnabled=true, webStorageEnabled=true, browserName=chrome, takesScreenshot=true, javascriptEnabled=true, cssSelectorsEnabled=true, setWindowRect=true, unexpectedAlertBehaviour=}]
Session ID: 0c17d2d991bcb3a47c8567debccc6f67<br>
<br>
<code>org.openqa.selenium.TimeoutException: Expected condition failed: waiting for visibility of element located by By.xpath: //*[@id='signup-form']/div[1]/ul/li (tried for 10 second(s) with 500 MILLISECONDS interval)<br>Build info: version: 'unknown', revision: '1969d75', time: '2016-10-18 09:43:45 -0700'<br>System info: host: 'TPE-Alex-Yang', ip: '192.168.40.1', os.name: 'Windows 8.1', os.arch: 'x86', os.version: '6.3', java.version: '1.8.0_121'<br>Driver info: org.openqa.selenium.chrome.ChromeDriver<br>Capabilities [{applicationCacheEnabled=false, rotatable=false, mobileEmulationEnabled=false, networkConnectionEnabled=false, chrome={chromedriverVersion=2.35.528161 (5b82f2d2aae0ca24b877009200ced9065a772e73), userDataDir=C:\WINDOWS\TEMP\scoped_dir7308_2793}, takesHeapSnapshot=true, pageLoadStrategy=normal, databaseEnabled=false, handlesAlerts=true, hasTouchScreen=false, version=65.0.3325.162, platform=WIN8_1, browserConnectionEnabled=false, nativeEvents=true, acceptSslCerts=false, acceptInsecureCerts=false, locationContextEnabled=true, webStorageEnabled=true, browserName=chrome, takesScreenshot=true, javascriptEnabled=true, cssSelectorsEnabled=true, setWindowRect=true, unexpectedAlertBehaviour=}]<br>Session ID: 0c17d2d991bcb3a47c8567debccc6f67<br>	at org.openqa.selenium.support.ui.WebDriverWait.timeoutException(WebDriverWait.java:80)<br>	at org.openqa.selenium.support.ui.FluentWait.until(FluentWait.java:265)<br>	at junitpack.junit_oauth_create_account.junit_oauth_create_account(junit_oauth_create_account.java:516)<br>	at junitpack.junit_oauth_create_account_run.primeNumbers(junit_oauth_create_account_run.java:30)<br>	at java.lang.reflect.Constructor.newInstance(Constructor.java:423)<br>	at java.lang.reflect.Constructor.newInstance(Constructor.java:423)<br>Caused by: org.openqa.selenium.NoSuchElementException: no such element: Unable to locate element: {"method":"xpath","selector":"//*[@id='signup-form']/div[1]/ul/li"}<br>  (Session info: chrome=65.0.3325.162)<br>  (Driver info: chromedriver=2.35.528161 (5b82f2d2aae0ca24b877009200ced9065a772e73),platform=Windows NT 6.3.9600 x86_64) (WARNING: The server did not provide any stacktrace information)<br>Command duration or timeout: 30.07 seconds<br>For documentation on this error, please visit: http://seleniumhq.org/exceptions/no_such_element.html<br>Build info: version: 'unknown', revision: '1969d75', time: '2016-10-18 09:43:45 -0700'<br>System info: host: 'TPE-Alex-Yang', ip: '192.168.40.1', os.name: 'Windows 8.1', os.arch: 'x86', os.version: '6.3', java.version: '1.8.0_121'<br>Driver info: org.openqa.selenium.chrome.ChromeDriver<br>Capabilities [{applicationCacheEnabled=false, rotatable=false, mobileEmulationEnabled=false, networkConnectionEnabled=false, chrome={chromedriverVersion=2.35.528161 (5b82f2d2aae0ca24b877009200ced9065a772e73), userDataDir=C:\WINDOWS\TEMP\scoped_dir7308_2793}, takesHeapSnapshot=true, pageLoadStrategy=normal, databaseEnabled=false, handlesAlerts=true, hasTouchScreen=false, version=65.0.3325.162, platform=WIN8_1, browserConnectionEnabled=false, nativeEvents=true, acceptSslCerts=false, acceptInsecureCerts=false, locationContextEnabled=true, webStorageEnabled=true, browserName=chrome, takesScreenshot=true, javascriptEnabled=true, cssSelectorsEnabled=true, setWindowRect=true, unexpectedAlertBehaviour=}]<br>Session ID: 0c17d2d991bcb3a47c8567debccc6f67<br>*** Element info: {Using=xpath, value=//*[@id='signup-form']/div[1]/ul/li}<br>	at java.lang.reflect.Constructor.newInstance(Constructor.java:423)<br>	at org.openqa.selenium.remote.ErrorHandler.createThrowable(ErrorHandler.java:216)<br>	at org.openqa.selenium.remote.ErrorHandler.throwIfResponseFailed(ErrorHandler.java:168)<br>	at org.openqa.selenium.remote.RemoteWebDriver.execute(RemoteWebDriver.java:635)<br>	at org.openqa.selenium.remote.RemoteWebDriver.findElement(RemoteWebDriver.java:368)<br>	at org.openqa.selenium.remote.RemoteWebDriver.findElementByXPath(RemoteWebDriver.java:473)<br>	at org.openqa.selenium.By$ByXPath.findElement(By.java:361)<br>	at org.openqa.selenium.remote.RemoteWebDriver.findElement(RemoteWebDriver.java:360)<br>	at org.openqa.selenium.support.ui.ExpectedConditions.findElement(ExpectedConditions.java:895)<br>	at org.openqa.selenium.support.ui.ExpectedConditions.access$000(ExpectedConditions.java:41)<br>	at org.openqa.selenium.support.ui.ExpectedConditions$7.apply(ExpectedConditions.java:205)<br>	at org.openqa.selenium.support.ui.ExpectedConditions$7.apply(ExpectedConditions.java:201)<br>	at org.openqa.selenium.support.ui.FluentWait.until(FluentWait.java:238)<br>
</code></td><td>0.010</td>
</tr>
</table>
<div class="Properties">
<a href="javascript:displayProperties('junitpack.junit_oauth_create_account_run');">
                    Properties &raquo;
                </a>
</div>
<div class="Properties">
<a href="./1_junit_oauth_create_account_run-out.html">
                        System.out &raquo;
                    </a>
</div>
<div class="Properties">
<a href="./1_junit_oauth_create_account_run-err.html">
                        System.err &raquo;
                    </a>
</div>
</body>
</html>
